#! /usr/share/iverilog-0.9.7/bin/vvp
:ivl_version "0.9.7 " "(v0_9_6)";
:vpi_time_precision + 0;
:vpi_module "system";
:vpi_module "v2005_math";
:vpi_module "va_math";
S_0x1bb2650 .scope module, "adder" "adder" 2 2;
 .timescale 0 0;
v0x1bb2770_0 .net "A", 3 0, C4<zzzz>; 0 drivers
v0x1be3a80_0 .net "B", 3 0, C4<zzzz>; 0 drivers
v0x1be3b20_0 .var "X", 4 0;
E_0x1bb2740 .event edge, v0x1be3a80_0, v0x1bb2770_0;
    .scope S_0x1bb2650;
T_0 ;
    %wait E_0x1bb2740;
    %load/v 8, v0x1bb2770_0, 4;
    %mov 12, 0, 1;
    %load/v 13, v0x1be3a80_0, 4;
    %mov 17, 0, 1;
    %add 8, 13, 5;
    %set/v v0x1be3b20_0, 8, 5;
    %jmp T_0;
    .thread T_0, $push;
    .scope S_0x1bb2650;
T_1 ;
    %vpi_call 2 11 "$dumpfile", "dump.vcd";
    %vpi_call 2 12 "$dumpvars", 2'sb01, S_0x1bb2650;
    %end;
    .thread T_1;
# The file index is used to find the file name in the following table.
:file_names 3;
    "N/A";
    "<interactive>";
    "design.sv";
